<?xml version="1.0" encoding="UTF-8"?>
<!-- Generated by org.testng.reporters.JUnitReportReporter -->
<testsuite hostname="DESKTOP-798LDGB" failures="0" tests="1" name="APITESTS.TestsExample" time="1.876" errors="0" timestamp="2025-04-24T00:22:41 BDT" skipped="0">
  <testcase classname="APITESTS.TestsExample" name="test_1" time="1.876"/>
</testsuite> <!-- APITESTS.TestsExample -->
