<?xml version="1.0" encoding="UTF-8"?>
<!-- Generated by org.testng.reporters.JUnitReportReporter -->
<testsuite hostname="DESKTOP-798LDGB" failures="0" tests="3" name="APITESTS.PutPatchAndDeleteExamples" time="3.709" errors="0" timestamp="2025-04-26T23:57:41 BDT" skipped="0">
  <testcase classname="APITESTS.PutPatchAndDeleteExamples" name="testPatch" time="0.664"/>
  <testcase classname="APITESTS.PutPatchAndDeleteExamples" name="testPut" time="0.538"/>
  <testcase classname="APITESTS.PutPatchAndDeleteExamples" name="testDelete" time="2.507"/>
</testsuite> <!-- APITESTS.PutPatchAndDeleteExamples -->
