<?xml version="1.0" encoding="UTF-8"?>
<!-- Generated by org.testng.reporters.JUnitReportReporter -->
<testsuite hostname="DESKTOP-798LDGB" failures="0" tests="1" name="APITESTS.TestonLocalAPI" time="1.484" errors="0" timestamp="2025-04-27T01:42:04 BDT" skipped="0">
  <testcase classname="APITESTS.TestonLocalAPI" name="Delete" time="1.484"/>
</testsuite> <!-- APITESTS.TestonLocalAPI -->
