<?xml version="1.0" encoding="UTF-8"?>
<!-- Generated by org.testng.reporters.JUnitReportReporter -->
<testsuite hostname="DESKTOP-798LDGB" failures="0" tests="1" name="APITESTS.JsonSchemaValidator" time="2.615" errors="0" timestamp="2025-04-27T16:08:32 BDT" skipped="0">
  <testcase classname="APITESTS.JsonSchemaValidator" name="testGet" time="2.615"/>
</testsuite> <!-- APITESTS.JsonSchemaValidator -->
