<?xml version="1.0" encoding="UTF-8"?>
<!-- Generated by org.testng.reporters.JUnitReportReporter -->
<testsuite hostname="DESKTOP-798LDGB" failures="0" tests="1" name="APITESTS.GetAndPostExamples" time="2.609" errors="0" timestamp="2025-04-26T02:35:39 BDT" skipped="0">
  <testcase classname="APITESTS.GetAndPostExamples" name="testPost" time="2.609"/>
</testsuite> <!-- APITESTS.GetAndPostExamples -->
