<?xml version="1.0" encoding="UTF-8"?>
<!-- Generated by org.testng.reporters.JUnitReportReporter -->
<testsuite hostname="DESKTOP-798LDGB" failures="0" tests="2" name="APITESTS.TestsExample" time="2.915" errors="0" timestamp="2025-04-24T15:55:21 BDT" skipped="0">
  <testcase classname="APITESTS.TestsExample" name="test_2" time="0.851"/>
  <testcase classname="APITESTS.TestsExample" name="test_1" time="2.064"/>
</testsuite> <!-- APITESTS.TestsExample -->
